#
# There is insufficient memory for the Java Runtime Environment to continue.
# Native memory allocation (malloc) failed to allocate 168176 bytes for Chunk::new
# Possible reasons:
#   The system is out of physical RAM or swap space
#   The process is running with CompressedOops enabled, and the Java Heap may be blocking the growth of the native heap
# Possible solutions:
#   Reduce memory load on the system
#   Increase physical memory or swap space
#   Check if swap backing store is full
#   Decrease Java heap size (-Xmx/-Xms)
#   Decrease number of Java threads
#   Decrease Java thread stack sizes (-Xss)
#   Set larger code cache with -XX:ReservedCodeCacheSize=
#   JVM is running with Unscaled Compressed Oops mode in which the Java heap is
#     placed in the first 4GB address space. The Java Heap base address is the
#     maximum limit for the native heap growth. Please use -XX:HeapBaseMinAddress
#     to set the Java Heap base and to place the Java Heap above 4GB virtual address.
# This output file may be truncated or incomplete.
#
#  Out of Memory Error (arena.cpp:184), pid=14128, tid=10688
#
# JRE version: Java(TM) SE Runtime Environment (19.0.2+7) (build 19.0.2+7-44)
# Java VM: Java HotSpot(TM) 64-Bit Server VM (19.0.2+7-44, mixed mode, sharing, tiered, compressed oops, compressed class ptrs, g1 gc, windows-amd64)
# No core dump will be written. Minidumps are not enabled by default on client versions of Windows
#

---------------  S U M M A R Y ------------

Command Line: -javaagent:C:\Program Files\JetBrains\IntelliJ IDEA Educational Edition 2022.2.2\lib\idea_rt.jar=60022:C:\Program Files\JetBrains\IntelliJ IDEA Educational Edition 2022.2.2\bin -Dfile.encoding=UTF-8 -Dsun.stdout.encoding=UTF-8 -Dsun.stderr.encoding=UTF-8 com.example.tpEcomm.TpEcommApplication

Host: Intel(R) Core(TM) i5-4310U CPU @ 2.00GHz, 4 cores, 7G,  Windows 10 , 64 bit Build 19041 (10.0.19041.3570)
Time: Sat Nov  4 18:00:03 2023 São Tomé (heure standard) elapsed time: 1.662952 seconds (0d 0h 0m 1s)

---------------  T H R E A D  ---------------

Current thread (0x000002594be2a240):  JavaThread "C2 CompilerThread0" daemon [_thread_in_native, id=10688, stack(0x000000626e400000,0x000000626e500000)]


Current CompileTask:
C2:   1663 1249   !   4       java.util.concurrent.ConcurrentHashMap::putVal (432 bytes)

Stack: [0x000000626e400000,0x000000626e500000]
Native frames: (J=compiled Java code, j=interpreted, Vv=VM code, C=native code)
V  [jvm.dll+0x6ee21a]
V  [jvm.dll+0x85765e]
V  [jvm.dll+0x85904e]
V  [jvm.dll+0x859703]
V  [jvm.dll+0x28298f]
V  [jvm.dll+0xc9adf]
V  [jvm.dll+0xc9e65]
V  [jvm.dll+0x2f7caf]
V  [jvm.dll+0x5f076b]
V  [jvm.dll+0x25590c]
V  [jvm.dll+0x24e1a7]
V  [jvm.dll+0x24b673]
V  [jvm.dll+0x1d6ce1]
V  [jvm.dll+0x25b25a]
V  [jvm.dll+0x2596e8]
V  [jvm.dll+0x807588]
V  [jvm.dll+0x80125a]
V  [jvm.dll+0x6ecf0b]
C  [ucrtbase.dll+0x21bb2]
C  [KERNEL32.DLL+0x17344]
C  [ntdll.dll+0x526b1]


---------------  P R O C E S S  ---------------

Threads class SMR info:
_java_thread_list=0x0000025950810820, length=16, elements={
0x000002592deac720, 0x000002594be21600, 0x000002594be223f0, 0x000002594be259d0,
0x000002594be27450, 0x000002594be28520, 0x000002594be295e0, 0x000002594be2a240,
0x000002594be2cbc0, 0x000002594be51eb0, 0x000002594bdf3b50, 0x0000025950376e10,
0x0000025950377350, 0x00000259505a2730, 0x0000025950bb3100, 0x0000025950bb3ac0
}

Java Threads: ( => current thread )
  0x000002592deac720 JavaThread "main" [_thread_blocked, id=4780, stack(0x000000626d700000,0x000000626d800000)]
  0x000002594be21600 JavaThread "Reference Handler" daemon [_thread_blocked, id=2552, stack(0x000000626de00000,0x000000626df00000)]
  0x000002594be223f0 JavaThread "Finalizer" daemon [_thread_blocked, id=9396, stack(0x000000626df00000,0x000000626e000000)]
  0x000002594be259d0 JavaThread "Signal Dispatcher" daemon [_thread_blocked, id=12132, stack(0x000000626e000000,0x000000626e100000)]
  0x000002594be27450 JavaThread "Attach Listener" daemon [_thread_blocked, id=11260, stack(0x000000626e100000,0x000000626e200000)]
  0x000002594be28520 JavaThread "Service Thread" daemon [_thread_blocked, id=10692, stack(0x000000626e200000,0x000000626e300000)]
  0x000002594be295e0 JavaThread "Monitor Deflation Thread" daemon [_thread_blocked, id=1532, stack(0x000000626e300000,0x000000626e400000)]
=>0x000002594be2a240 JavaThread "C2 CompilerThread0" daemon [_thread_in_native, id=10688, stack(0x000000626e400000,0x000000626e500000)]
  0x000002594be2cbc0 JavaThread "C1 CompilerThread0" daemon [_thread_blocked, id=11068, stack(0x000000626e500000,0x000000626e600000)]
  0x000002594be51eb0 JavaThread "Sweeper thread" daemon [_thread_blocked, id=12684, stack(0x000000626e600000,0x000000626e700000)]
  0x000002594bdf3b50 JavaThread "Common-Cleaner" daemon [_thread_blocked, id=7780, stack(0x000000626e700000,0x000000626e800000)]
  0x0000025950376e10 JavaThread "Monitor Ctrl-Break" daemon [_thread_in_native, id=8552, stack(0x000000626e800000,0x000000626e900000)]
  0x0000025950377350 JavaThread "Notification Thread" daemon [_thread_blocked, id=4644, stack(0x000000626e900000,0x000000626ea00000)]
  0x00000259505a2730 JavaThread "C2 CompilerThread1" daemon [_thread_in_native, id=8212, stack(0x000000626eb00000,0x000000626ec00000)]
  0x0000025950bb3100 JavaThread "Thread-0" [_thread_blocked, id=12676, stack(0x000000626ef00000,0x000000626f000000)]
  0x0000025950bb3ac0 JavaThread "restartedMain" [_thread_in_vm, id=10112, stack(0x000000626f000000,0x000000626f100000)]

Other Threads:
  0x000002594be04050 VMThread "VM Thread" [stack: 0x000000626dd00000,0x000000626de00000] [id=4352] _threads_hazard_ptr=0x0000025950810820
  0x00000259503781c0 WatcherThread "VM Periodic Task Thread" [stack: 0x000000626ea00000,0x000000626eb00000] [id=9196]
  0x000002592df0a300 WorkerThread "GC Thread#0" [stack: 0x000000626d800000,0x000000626d900000] [id=9336]
  0x00000259508b3690 WorkerThread "GC Thread#1" [stack: 0x000000626ec00000,0x000000626ed00000] [id=10716]
  0x00000259508b3960 WorkerThread "GC Thread#2" [stack: 0x000000626ed00000,0x000000626ee00000] [id=2696]
  0x00000259507e8960 WorkerThread "GC Thread#3" [stack: 0x000000626ee00000,0x000000626ef00000] [id=8036]
  0x000002592df1cf80 ConcurrentGCThread "G1 Main Marker" [stack: 0x000000626d900000,0x000000626da00000] [id=14148]
  0x000002592df1dcf0 WorkerThread "G1 Conc#0" [stack: 0x000000626da00000,0x000000626db00000] [id=12208]
  0x000002594bcc20c0 ConcurrentGCThread "G1 Refine#0" [stack: 0x000000626db00000,0x000000626dc00000] [id=616]
  0x000002594bcc3c10 ConcurrentGCThread "G1 Service" [stack: 0x000000626dc00000,0x000000626dd00000] [id=9724]

Threads with active compile tasks:
C2 CompilerThread0    10319 1249   !   4       java.util.concurrent.ConcurrentHashMap::putVal (432 bytes)
C2 CompilerThread1    10319 1279       4       java.util.jar.JarFile::getVersionedEntry (133 bytes)

VM state: synchronizing (normal execution)

VM Mutex/Monitor currently owned by a thread:  ([mutex/lock_event])
[0x000002592dea5d60] Metaspace_lock - owner thread: 0x0000025950bb3ac0
[0x000002592dea7100] Threads_lock - owner thread: 0x000002594be04050

Heap address: 0x0000000081800000, size: 2024 MB, Compressed Oops mode: 32-bit

CDS archive(s) mapped at: [0x0000000800000000-0x0000000800c40000-0x0000000800c40000), size 12845056, SharedBaseAddress: 0x0000000800000000, ArchiveRelocationMode: 0.
Compressed class space mapped at: 0x0000000801000000-0x0000000841000000, reserved size: 1073741824
Narrow klass base: 0x0000000800000000, Narrow klass shift: 0, Narrow klass range: 0x100000000

GC Precious Log:
 CardTable entry size: 512
 Card Set container configuration: InlinePtr #cards 5 size 8 Array Of Cards #cards 12 size 40 Howl #buckets 4 coarsen threshold 1843 Howl Bitmap #cards 512 size 80 coarsen threshold 460 Card regions per heap region 1 cards per card region 2048
 CPUs: 4 total, 4 available
 Memory: 8089M
 Large Page Support: Disabled
 NUMA Support: Disabled
 Compressed Oops: Enabled (32-bit)
 Heap Region Size: 1M
 Heap Min Capacity: 8M
 Heap Initial Capacity: 128M
 Heap Max Capacity: 2024M
 Pre-touch: Disabled
 Parallel Workers: 4
 Concurrent Workers: 1
 Concurrent Refinement Workers: 4
 Periodic GC: Disabled

Heap:
 garbage-first heap   total 131072K, used 8419K [0x0000000081800000, 0x0000000100000000)
  region size 1024K, 4 young (4096K), 2 survivors (2048K)
 Metaspace       used 6735K, committed 6912K, reserved 1114112K
  class space    used 753K, committed 832K, reserved 1048576K

Heap Regions: E=young(eden), S=young(survivor), O=old, HS=humongous(starts), HC=humongous(continues), CS=collection set, F=free, OA=open archive, CA=closed archive, TAMS=top-at-mark-start (previous, next)
|   0|0x0000000081800000, 0x0000000081900000, 0x0000000081900000|100%|HS|  |TAMS 0x0000000081800000, 0x0000000081800000| Complete 
|   1|0x0000000081900000, 0x0000000081a00000, 0x0000000081a00000|100%| O|  |TAMS 0x0000000081900000, 0x0000000081900000| Untracked 
|   2|0x0000000081a00000, 0x0000000081b00000, 0x0000000081b00000|100%| O|  |TAMS 0x0000000081a00000, 0x0000000081a00000| Untracked 
|   3|0x0000000081b00000, 0x0000000081c00000, 0x0000000081c00000|100%| O|  |TAMS 0x0000000081b00000, 0x0000000081b00000| Untracked 
|   4|0x0000000081c00000, 0x0000000081d00000, 0x0000000081d00000|100%| O|  |TAMS 0x0000000081c00000, 0x0000000081c00000| Untracked 
|   5|0x0000000081d00000, 0x0000000081e00000, 0x0000000081e00000|100%| O|  |TAMS 0x0000000081d00000, 0x0000000081d00000| Untracked 
|   6|0x0000000081e00000, 0x0000000081e2bc00, 0x0000000081f00000| 17%| O|  |TAMS 0x0000000081e00000, 0x0000000081e00000| Untracked 
|   7|0x0000000081f00000, 0x0000000081f00000, 0x0000000082000000|  0%| F|  |TAMS 0x0000000081f00000, 0x0000000081f00000| Untracked 
|   8|0x0000000082000000, 0x0000000082000000, 0x0000000082100000|  0%| F|  |TAMS 0x0000000082000000, 0x0000000082000000| Untracked 
|   9|0x0000000082100000, 0x0000000082100000, 0x0000000082200000|  0%| F|  |TAMS 0x0000000082100000, 0x0000000082100000| Untracked 
|  10|0x0000000082200000, 0x0000000082200000, 0x0000000082300000|  0%| F|  |TAMS 0x0000000082200000, 0x0000000082200000| Untracked 
|  11|0x0000000082300000, 0x0000000082300000, 0x0000000082400000|  0%| F|  |TAMS 0x0000000082300000, 0x0000000082300000| Untracked 
|  12|0x0000000082400000, 0x0000000082400000, 0x0000000082500000|  0%| F|  |TAMS 0x0000000082400000, 0x0000000082400000| Untracked 
|  13|0x0000000082500000, 0x0000000082500000, 0x0000000082600000|  0%| F|  |TAMS 0x0000000082500000, 0x0000000082500000| Untracked 
|  14|0x0000000082600000, 0x0000000082600000, 0x0000000082700000|  0%| F|  |TAMS 0x0000000082600000, 0x0000000082600000| Untracked 
|  15|0x0000000082700000, 0x0000000082700000, 0x0000000082800000|  0%| F|  |TAMS 0x0000000082700000, 0x0000000082700000| Untracked 
|  16|0x0000000082800000, 0x0000000082800000, 0x0000000082900000|  0%| F|  |TAMS 0x0000000082800000, 0x0000000082800000| Untracked 
|  17|0x0000000082900000, 0x0000000082900000, 0x0000000082a00000|  0%| F|  |TAMS 0x0000000082900000, 0x0000000082900000| Untracked 
|  18|0x0000000082a00000, 0x0000000082a00000, 0x0000000082b00000|  0%| F|  |TAMS 0x0000000082a00000, 0x0000000082a00000| Untracked 
|  19|0x0000000082b00000, 0x0000000082b00000, 0x0000000082c00000|  0%| F|  |TAMS 0x0000000082b00000, 0x0000000082b00000| Untracked 
|  20|0x0000000082c00000, 0x0000000082c00000, 0x0000000082d00000|  0%| F|  |TAMS 0x0000000082c00000, 0x0000000082c00000| Untracked 
|  21|0x0000000082d00000, 0x0000000082d00000, 0x0000000082e00000|  0%| F|  |TAMS 0x0000000082d00000, 0x0000000082d00000| Untracked 
|  22|0x0000000082e00000, 0x0000000082e00000, 0x0000000082f00000|  0%| F|  |TAMS 0x0000000082e00000, 0x0000000082e00000| Untracked 
|  23|0x0000000082f00000, 0x0000000082f00000, 0x0000000083000000|  0%| F|  |TAMS 0x0000000082f00000, 0x0000000082f00000| Untracked 
|  24|0x0000000083000000, 0x0000000083000000, 0x0000000083100000|  0%| F|  |TAMS 0x0000000083000000, 0x0000000083000000| Untracked 
|  25|0x0000000083100000, 0x0000000083100000, 0x0000000083200000|  0%| F|  |TAMS 0x0000000083100000, 0x0000000083100000| Untracked 
|  26|0x0000000083200000, 0x0000000083200000, 0x0000000083300000|  0%| F|  |TAMS 0x0000000083200000, 0x0000000083200000| Untracked 
|  27|0x0000000083300000, 0x0000000083300000, 0x0000000083400000|  0%| F|  |TAMS 0x0000000083300000, 0x0000000083300000| Untracked 
|  28|0x0000000083400000, 0x0000000083400000, 0x0000000083500000|  0%| F|  |TAMS 0x0000000083400000, 0x0000000083400000| Untracked 
|  29|0x0000000083500000, 0x0000000083500000, 0x0000000083600000|  0%| F|  |TAMS 0x0000000083500000, 0x0000000083500000| Untracked 
|  30|0x0000000083600000, 0x0000000083600000, 0x0000000083700000|  0%| F|  |TAMS 0x0000000083600000, 0x0000000083600000| Untracked 
|  31|0x0000000083700000, 0x0000000083700000, 0x0000000083800000|  0%| F|  |TAMS 0x0000000083700000, 0x0000000083700000| Untracked 
|  32|0x0000000083800000, 0x0000000083800000, 0x0000000083900000|  0%| F|  |TAMS 0x0000000083800000, 0x0000000083800000| Untracked 
|  33|0x0000000083900000, 0x0000000083900000, 0x0000000083a00000|  0%| F|  |TAMS 0x0000000083900000, 0x0000000083900000| Untracked 
|  34|0x0000000083a00000, 0x0000000083a00000, 0x0000000083b00000|  0%| F|  |TAMS 0x0000000083a00000, 0x0000000083a00000| Untracked 
|  35|0x0000000083b00000, 0x0000000083b00000, 0x0000000083c00000|  0%| F|  |TAMS 0x0000000083b00000, 0x0000000083b00000| Untracked 
|  36|0x0000000083c00000, 0x0000000083c00000, 0x0000000083d00000|  0%| F|  |TAMS 0x0000000083c00000, 0x0000000083c00000| Untracked 
|  37|0x0000000083d00000, 0x0000000083d00000, 0x0000000083e00000|  0%| F|  |TAMS 0x0000000083d00000, 0x0000000083d00000| Untracked 
|  38|0x0000000083e00000, 0x0000000083e00000, 0x0000000083f00000|  0%| F|  |TAMS 0x0000000083e00000, 0x0000000083e00000| Untracked 
|  39|0x0000000083f00000, 0x0000000083f00000, 0x0000000084000000|  0%| F|  |TAMS 0x0000000083f00000, 0x0000000083f00000| Untracked 
|  40|0x0000000084000000, 0x0000000084000000, 0x0000000084100000|  0%| F|  |TAMS 0x0000000084000000, 0x0000000084000000| Untracked 
|  41|0x0000000084100000, 0x0000000084100000, 0x0000000084200000|  0%| F|  |TAMS 0x0000000084100000, 0x0000000084100000| Untracked 
|  42|0x0000000084200000, 0x0000000084200000, 0x0000000084300000|  0%| F|  |TAMS 0x0000000084200000, 0x0000000084200000| Untracked 
|  43|0x0000000084300000, 0x0000000084300000, 0x0000000084400000|  0%| F|  |TAMS 0x0000000084300000, 0x0000000084300000| Untracked 
|  44|0x0000000084400000, 0x0000000084400000, 0x0000000084500000|  0%| F|  |TAMS 0x0000000084400000, 0x0000000084400000| Untracked 
|  45|0x0000000084500000, 0x0000000084500000, 0x0000000084600000|  0%| F|  |TAMS 0x0000000084500000, 0x0000000084500000| Untracked 
|  46|0x0000000084600000, 0x0000000084600000, 0x0000000084700000|  0%| F|  |TAMS 0x0000000084600000, 0x0000000084600000| Untracked 
|  47|0x0000000084700000, 0x0000000084700000, 0x0000000084800000|  0%| F|  |TAMS 0x0000000084700000, 0x0000000084700000| Untracked 
|  48|0x0000000084800000, 0x0000000084800000, 0x0000000084900000|  0%| F|  |TAMS 0x0000000084800000, 0x0000000084800000| Untracked 
|  49|0x0000000084900000, 0x0000000084900000, 0x0000000084a00000|  0%| F|  |TAMS 0x0000000084900000, 0x0000000084900000| Untracked 
|  50|0x0000000084a00000, 0x0000000084a00000, 0x0000000084b00000|  0%| F|  |TAMS 0x0000000084a00000, 0x0000000084a00000| Untracked 
|  51|0x0000000084b00000, 0x0000000084b00000, 0x0000000084c00000|  0%| F|  |TAMS 0x0000000084b00000, 0x0000000084b00000| Untracked 
|  52|0x0000000084c00000, 0x0000000084c00000, 0x0000000084d00000|  0%| F|  |TAMS 0x0000000084c00000, 0x0000000084c00000| Untracked 
|  53|0x0000000084d00000, 0x0000000084d00000, 0x0000000084e00000|  0%| F|  |TAMS 0x0000000084d00000, 0x0000000084d00000| Untracked 
|  54|0x0000000084e00000, 0x0000000084e00000, 0x0000000084f00000|  0%| F|  |TAMS 0x0000000084e00000, 0x0000000084e00000| Untracked 
|  55|0x0000000084f00000, 0x0000000084f00000, 0x0000000085000000|  0%| F|  |TAMS 0x0000000084f00000, 0x0000000084f00000| Untracked 
|  56|0x0000000085000000, 0x0000000085000000, 0x0000000085100000|  0%| F|  |TAMS 0x0000000085000000, 0x0000000085000000| Untracked 
|  57|0x0000000085100000, 0x0000000085100000, 0x0000000085200000|  0%| F|  |TAMS 0x0000000085100000, 0x0000000085100000| Untracked 
|  58|0x0000000085200000, 0x0000000085200000, 0x0000000085300000|  0%| F|  |TAMS 0x0000000085200000, 0x0000000085200000| Untracked 
|  59|0x0000000085300000, 0x0000000085300000, 0x0000000085400000|  0%| F|  |TAMS 0x0000000085300000, 0x0000000085300000| Untracked 
|  60|0x0000000085400000, 0x0000000085400000, 0x0000000085500000|  0%| F|  |TAMS 0x0000000085400000, 0x0000000085400000| Untracked 
|  61|0x0000000085500000, 0x0000000085500000, 0x0000000085600000|  0%| F|  |TAMS 0x0000000085500000, 0x0000000085500000| Untracked 
|  62|0x0000000085600000, 0x0000000085600000, 0x0000000085700000|  0%| F|  |TAMS 0x0000000085600000, 0x0000000085600000| Untracked 
|  63|0x0000000085700000, 0x0000000085700000, 0x0000000085800000|  0%| F|  |TAMS 0x0000000085700000, 0x0000000085700000| Untracked 
|  64|0x0000000085800000, 0x0000000085800000, 0x0000000085900000|  0%| F|  |TAMS 0x0000000085800000, 0x0000000085800000| Untracked 
|  65|0x0000000085900000, 0x0000000085900000, 0x0000000085a00000|  0%| F|  |TAMS 0x0000000085900000, 0x0000000085900000| Untracked 
|  66|0x0000000085a00000, 0x0000000085a00000, 0x0000000085b00000|  0%| F|  |TAMS 0x0000000085a00000, 0x0000000085a00000| Untracked 
|  67|0x0000000085b00000, 0x0000000085b00000, 0x0000000085c00000|  0%| F|  |TAMS 0x0000000085b00000, 0x0000000085b00000| Untracked 
|  68|0x0000000085c00000, 0x0000000085c00000, 0x0000000085d00000|  0%| F|  |TAMS 0x0000000085c00000, 0x0000000085c00000| Untracked 
|  69|0x0000000085d00000, 0x0000000085d00000, 0x0000000085e00000|  0%| F|  |TAMS 0x0000000085d00000, 0x0000000085d00000| Untracked 
|  70|0x0000000085e00000, 0x0000000085e00000, 0x0000000085f00000|  0%| F|  |TAMS 0x0000000085e00000, 0x0000000085e00000| Untracked 
|  71|0x0000000085f00000, 0x0000000085f00000, 0x0000000086000000|  0%| F|  |TAMS 0x0000000085f00000, 0x0000000085f00000| Untracked 
|  72|0x0000000086000000, 0x0000000086000000, 0x0000000086100000|  0%| F|  |TAMS 0x0000000086000000, 0x0000000086000000| Untracked 
|  73|0x0000000086100000, 0x0000000086100000, 0x0000000086200000|  0%| F|  |TAMS 0x0000000086100000, 0x0000000086100000| Untracked 
|  74|0x0000000086200000, 0x0000000086200000, 0x0000000086300000|  0%| F|  |TAMS 0x0000000086200000, 0x0000000086200000| Untracked 
|  75|0x0000000086300000, 0x0000000086300000, 0x0000000086400000|  0%| F|  |TAMS 0x0000000086300000, 0x0000000086300000| Untracked 
|  76|0x0000000086400000, 0x0000000086400000, 0x0000000086500000|  0%| F|  |TAMS 0x0000000086400000, 0x0000000086400000| Untracked 
|  77|0x0000000086500000, 0x0000000086500000, 0x0000000086600000|  0%| F|  |TAMS 0x0000000086500000, 0x0000000086500000| Untracked 
|  78|0x0000000086600000, 0x0000000086600000, 0x0000000086700000|  0%| F|  |TAMS 0x0000000086600000, 0x0000000086600000| Untracked 
|  79|0x0000000086700000, 0x0000000086700000, 0x0000000086800000|  0%| F|  |TAMS 0x0000000086700000, 0x0000000086700000| Untracked 
|  80|0x0000000086800000, 0x0000000086800000, 0x0000000086900000|  0%| F|  |TAMS 0x0000000086800000, 0x0000000086800000| Untracked 
|  81|0x0000000086900000, 0x0000000086900000, 0x0000000086a00000|  0%| F|  |TAMS 0x0000000086900000, 0x0000000086900000| Untracked 
|  82|0x0000000086a00000, 0x0000000086a00000, 0x0000000086b00000|  0%| F|  |TAMS 0x0000000086a00000, 0x0000000086a00000| Untracked 
|  83|0x0000000086b00000, 0x0000000086b00000, 0x0000000086c00000|  0%| F|  |TAMS 0x0000000086b00000, 0x0000000086b00000| Untracked 
|  84|0x0000000086c00000, 0x0000000086c00000, 0x0000000086d00000|  0%| F|  |TAMS 0x0000000086c00000, 0x0000000086c00000| Untracked 
|  85|0x0000000086d00000, 0x0000000086d00000, 0x0000000086e00000|  0%| F|  |TAMS 0x0000000086d00000, 0x0000000086d00000| Untracked 
|  86|0x0000000086e00000, 0x0000000086e00000, 0x0000000086f00000|  0%| F|  |TAMS 0x0000000086e00000, 0x0000000086e00000| Untracked 
|  87|0x0000000086f00000, 0x0000000086f00000, 0x0000000087000000|  0%| F|  |TAMS 0x0000000086f00000, 0x0000000086f00000| Untracked 
|  88|0x0000000087000000, 0x0000000087000000, 0x0000000087100000|  0%| F|  |TAMS 0x0000000087000000, 0x0000000087000000| Untracked 
|  89|0x0000000087100000, 0x0000000087100000, 0x0000000087200000|  0%| F|  |TAMS 0x0000000087100000, 0x0000000087100000| Untracked 
|  90|0x0000000087200000, 0x0000000087200000, 0x0000000087300000|  0%| F|  |TAMS 0x0000000087200000, 0x0000000087200000| Untracked 
|  91|0x0000000087300000, 0x0000000087300000, 0x0000000087400000|  0%| F|  |TAMS 0x0000000087300000, 0x0000000087300000| Untracked 
|  92|0x0000000087400000, 0x0000000087400000, 0x0000000087500000|  0%| F|  |TAMS 0x0000000087400000, 0x0000000087400000| Untracked 
|  93|0x0000000087500000, 0x0000000087500000, 0x0000000087600000|  0%| F|  |TAMS 0x0000000087500000, 0x0000000087500000| Untracked 
|  94|0x0000000087600000, 0x0000000087600000, 0x0000000087700000|  0%| F|  |TAMS 0x0000000087600000, 0x0000000087600000| Untracked 
|  95|0x0000000087700000, 0x0000000087700000, 0x0000000087800000|  0%| F|  |TAMS 0x0000000087700000, 0x0000000087700000| Untracked 
|  96|0x0000000087800000, 0x0000000087800000, 0x0000000087900000|  0%| F|  |TAMS 0x0000000087800000, 0x0000000087800000| Untracked 
|  97|0x0000000087900000, 0x0000000087900000, 0x0000000087a00000|  0%| F|  |TAMS 0x0000000087900000, 0x0000000087900000| Untracked 
|  98|0x0000000087a00000, 0x0000000087a00000, 0x0000000087b00000|  0%| F|  |TAMS 0x0000000087a00000, 0x0000000087a00000| Untracked 
|  99|0x0000000087b00000, 0x0000000087b00000, 0x0000000087c00000|  0%| F|  |TAMS 0x0000000087b00000, 0x0000000087b00000| Untracked 
| 100|0x0000000087c00000, 0x0000000087c00000, 0x0000000087d00000|  0%| F|  |TAMS 0x0000000087c00000, 0x0000000087c00000| Untracked 
| 101|0x0000000087d00000, 0x0000000087d00000, 0x0000000087e00000|  0%| F|  |TAMS 0x0000000087d00000, 0x0000000087d00000| Untracked 
| 102|0x0000000087e00000, 0x0000000087e00000, 0x0000000087f00000|  0%| F|  |TAMS 0x0000000087e00000, 0x0000000087e00000| Untracked 
| 103|0x0000000087f00000, 0x0000000087f00000, 0x0000000088000000|  0%| F|  |TAMS 0x0000000087f00000, 0x0000000087f00000| Untracked 
| 104|0x0000000088000000, 0x0000000088000000, 0x0000000088100000|  0%| F|  |TAMS 0x0000000088000000, 0x0000000088000000| Untracked 
| 105|0x0000000088100000, 0x0000000088100000, 0x0000000088200000|  0%| F|  |TAMS 0x0000000088100000, 0x0000000088100000| Untracked 
| 106|0x0000000088200000, 0x0000000088200000, 0x0000000088300000|  0%| F|  |TAMS 0x0000000088200000, 0x0000000088200000| Untracked 
| 107|0x0000000088300000, 0x0000000088300000, 0x0000000088400000|  0%| F|  |TAMS 0x0000000088300000, 0x0000000088300000| Untracked 
| 108|0x0000000088400000, 0x0000000088400000, 0x0000000088500000|  0%| F|  |TAMS 0x0000000088400000, 0x0000000088400000| Untracked 
| 109|0x0000000088500000, 0x0000000088500000, 0x0000000088600000|  0%| F|  |TAMS 0x0000000088500000, 0x0000000088500000| Untracked 
| 110|0x0000000088600000, 0x0000000088600000, 0x0000000088700000|  0%| F|  |TAMS 0x0000000088600000, 0x0000000088600000| Untracked 
| 111|0x0000000088700000, 0x0000000088700000, 0x0000000088800000|  0%| F|  |TAMS 0x0000000088700000, 0x0000000088700000| Untracked 
| 112|0x0000000088800000, 0x000000008880d3f8, 0x0000000088900000|  5%| S|CS|TAMS 0x0000000088800000, 0x0000000088800000| Complete 
| 113|0x0000000088900000, 0x0000000088900000, 0x0000000088a00000|  0%| F|  |TAMS 0x0000000088900000, 0x0000000088900000| Untracked 
| 114|0x0000000088a00000, 0x0000000088a00000, 0x0000000088b00000|  0%| F|  |TAMS 0x0000000088a00000, 0x0000000088a00000| Untracked 
| 115|0x0000000088b00000, 0x0000000088c00000, 0x0000000088c00000|100%| S|CS|TAMS 0x0000000088b00000, 0x0000000088b00000| Complete 
| 116|0x0000000088c00000, 0x0000000088c00000, 0x0000000088d00000|  0%| F|  |TAMS 0x0000000088c00000, 0x0000000088c00000| Untracked 
| 117|0x0000000088d00000, 0x0000000088d00000, 0x0000000088e00000|  0%| F|  |TAMS 0x0000000088d00000, 0x0000000088d00000| Untracked 
| 118|0x0000000088e00000, 0x0000000088e00000, 0x0000000088f00000|  0%| F|  |TAMS 0x0000000088e00000, 0x0000000088e00000| Untracked 
| 119|0x0000000088f00000, 0x0000000088f00000, 0x0000000089000000|  0%| F|  |TAMS 0x0000000088f00000, 0x0000000088f00000| Untracked 
| 120|0x0000000089000000, 0x0000000089000000, 0x0000000089100000|  0%| F|  |TAMS 0x0000000089000000, 0x0000000089000000| Untracked 
| 121|0x0000000089100000, 0x0000000089100000, 0x0000000089200000|  0%| F|  |TAMS 0x0000000089100000, 0x0000000089100000| Untracked 
| 122|0x0000000089200000, 0x0000000089200000, 0x0000000089300000|  0%| F|  |TAMS 0x0000000089200000, 0x0000000089200000| Untracked 
| 123|0x0000000089300000, 0x0000000089300000, 0x0000000089400000|  0%| F|  |TAMS 0x0000000089300000, 0x0000000089300000| Untracked 
| 124|0x0000000089400000, 0x0000000089400000, 0x0000000089500000|  0%| F|  |TAMS 0x0000000089400000, 0x0000000089400000| Untracked 
| 125|0x0000000089500000, 0x0000000089500000, 0x0000000089600000|  0%| F|  |TAMS 0x0000000089500000, 0x0000000089500000| Untracked 
| 126|0x0000000089600000, 0x00000000896f64c8, 0x0000000089700000| 96%| E|  |TAMS 0x0000000089600000, 0x0000000089600000| Complete 
| 127|0x0000000089700000, 0x0000000089800000, 0x0000000089800000|100%| E|CS|TAMS 0x0000000089700000, 0x0000000089700000| Complete 

Card table byte_map: [0x0000025945210000,0x0000025945610000] _byte_map_base: 0x0000025944e04000

Marking Bits (Prev, Next): (CMBitMap*) 0x000002592df0c950, (CMBitMap*) 0x000002592df0c990
 Prev Bits: [0x0000025945a10000, 0x00000259479b0000)
 Next Bits: [0x00000259479b0000, 0x0000025949950000)

Polling page: 0x000002592d670000

Metaspace:

Usage:
  Non-class:      5.84 MB used.
      Class:    753.94 KB used.
       Both:      6.58 MB used.

Virtual space:
  Non-class space:       64.00 MB reserved,       5.94 MB (  9%) committed,  1 nodes.
      Class space:        1.00 GB reserved,     832.00 KB ( <1%) committed,  1 nodes.
             Both:        1.06 GB reserved,       6.75 MB ( <1%) committed. 

Chunk freelists:
   Non-Class:  1.36 MB
       Class:  3.01 MB
        Both:  4.37 MB

MaxMetaspaceSize: unlimited
CompressedClassSpaceSize: 1.00 GB
Initial GC threshold: 21.00 MB
Current GC threshold: 21.00 MB
CDS: on
MetaspaceReclaimPolicy: balanced
 - commit_granule_bytes: 65536.
 - commit_granule_words: 8192.
 - virtual_space_node_default_size: 8388608.
 - enlarge_chunks_in_place: 1.
 - new_chunks_are_fully_committed: 0.
 - uncommit_free_chunks: 1.
 - use_allocation_guard: 0.


Internal statistics:

num_allocs_failed_limit: 0.
num_arena_births: 170.
num_arena_deaths: 0.
num_vsnodes_births: 2.
num_vsnodes_deaths: 0.
num_space_committed: 108.
num_space_uncommitted: 0.
num_chunks_returned_to_freelist: 0.
num_chunks_taken_from_freelist: 316.
num_chunk_merges: 0.
num_chunk_splits: 214.
num_chunks_enlarged: 154.
num_inconsistent_stats: 0.

CodeHeap 'non-profiled nmethods': size=120000Kb used=442Kb max_used=442Kb free=119557Kb
 bounds [0x000002593d8e0000, 0x000002593db50000, 0x0000025944e10000]
CodeHeap 'profiled nmethods': size=120000Kb used=2274Kb max_used=2274Kb free=117725Kb
 bounds [0x0000025935e10000, 0x0000025936080000, 0x000002593d340000]
CodeHeap 'non-nmethods': size=5760Kb used=1251Kb max_used=1272Kb free=4508Kb
 bounds [0x000002593d340000, 0x000002593d5b0000, 0x000002593d8e0000]
 total_blobs=1746 nmethods=1287 adapters=370
 compilation: enabled
              stopped_count=0, restarted_count=0
 full_count=0

Compilation events (20 events):
Event: 1.520 Thread 0x000002594be2cbc0 1276  s    3       java.util.Properties::put (10 bytes)
Event: 1.520 Thread 0x000002594be2cbc0 nmethod 1276 0x000002593603e910 code [0x000002593603eac0, 0x000002593603ed28]
Event: 1.520 Thread 0x000002594be2cbc0 1278       3       java.util.Properties::getProperty (50 bytes)
Event: 1.521 Thread 0x000002594be2cbc0 nmethod 1278 0x000002593603ee10 code [0x000002593603efe0, 0x000002593603f478]
Event: 1.521 Thread 0x000002594be2cbc0 1277       1       java.util.concurrent.ConcurrentHashMap$MapEntry::getValue (5 bytes)
Event: 1.521 Thread 0x000002594be2cbc0 nmethod 1277 0x000002593d94e590 code [0x000002593d94e720, 0x000002593d94e7d8]
Event: 1.523 Thread 0x00000259505a2730 1279       4       java.util.jar.JarFile::getVersionedEntry (133 bytes)
Event: 1.524 Thread 0x000002594be2cbc0 1280       3       java.lang.invoke.LambdaForm::useCount (61 bytes)
Event: 1.525 Thread 0x000002594be2cbc0 nmethod 1280 0x000002593603f610 code [0x000002593603f7e0, 0x000002593603fb48]
Event: 1.533 Thread 0x000002594be2cbc0 1282       3       org.springframework.util.ObjectUtils::nullSafeEquals (55 bytes)
Event: 1.533 Thread 0x000002594be2cbc0 nmethod 1282 0x000002593603fd10 code [0x000002593603ff20, 0x0000025936040418]
Event: 1.534 Thread 0x000002594be2cbc0 1283       3       org.springframework.core.OrderComparator::getOrder (111 bytes)
Event: 1.534 Thread 0x000002594be2cbc0 nmethod 1283 0x0000025936040590 code [0x00000259360407e0, 0x00000259360410b8]
Event: 1.534 Thread 0x000002594be2cbc0 1284       3       org.springframework.core.OrderComparator::getOrder (22 bytes)
Event: 1.535 Thread 0x000002594be2cbc0 nmethod 1284 0x0000025936041390 code [0x0000025936041540, 0x00000259360417c8]
Event: 1.535 Thread 0x000002594be2cbc0 1285       1       org.springframework.core.annotation.MergedAnnotations$Search::lambda$static$1 (2 bytes)
Event: 1.535 Thread 0x000002594be2cbc0 nmethod 1285 0x000002593d94e890 code [0x000002593d94ea20, 0x000002593d94ead8]
Event: 1.539 Thread 0x000002594be2cbc0 1286       3       jdk.internal.org.objectweb.asm.MethodWriter::visitMaxs (60 bytes)
Event: 1.540 Thread 0x000002594be2cbc0 nmethod 1286 0x0000025936041890 code [0x0000025936041a60, 0x0000025936041d38]
Event: 1.540 Thread 0x000002594be2cbc0 1291       3       jdk.internal.org.objectweb.asm.Handler::putExceptionTable (63 bytes)

GC Heap History (4 events):
Event: 0.928 GC heap before
{Heap before GC invocations=0 (full 0):
 garbage-first heap   total 131072K, used 13312K [0x0000000081800000, 0x0000000100000000)
  region size 1024K, 13 young (13312K), 0 survivors (0K)
 Metaspace       used 3212K, committed 3392K, reserved 1114112K
  class space    used 330K, committed 448K, reserved 1048576K
}
Event: 0.936 GC heap after
{Heap after GC invocations=1 (full 0):
 garbage-first heap   total 131072K, used 6240K [0x0000000081800000, 0x0000000100000000)
  region size 1024K, 2 young (2048K), 2 survivors (2048K)
 Metaspace       used 3212K, committed 3392K, reserved 1114112K
  class space    used 330K, committed 448K, reserved 1048576K
}
Event: 1.440 GC heap before
{Heap before GC invocations=1 (full 0):
 garbage-first heap   total 131072K, used 17504K [0x0000000081800000, 0x0000000100000000)
  region size 1024K, 14 young (14336K), 2 survivors (2048K)
 Metaspace       used 6211K, committed 6400K, reserved 1114112K
  class space    used 691K, committed 768K, reserved 1048576K
}
Event: 1.445 GC heap after
{Heap after GC invocations=2 (full 0):
 garbage-first heap   total 131072K, used 7395K [0x0000000081800000, 0x0000000100000000)
  region size 1024K, 2 young (2048K), 2 survivors (2048K)
 Metaspace       used 6211K, committed 6400K, reserved 1114112K
  class space    used 691K, committed 768K, reserved 1048576K
}

Dll operation events (12 events):
Event: 0.016 Loaded shared library C:\Program Files\Java\jdk-19\bin\java.dll
Event: 0.031 Loaded shared library C:\Program Files\Java\jdk-19\bin\jsvml.dll
Event: 0.242 Loaded shared library C:\Program Files\Java\jdk-19\bin\zip.dll
Event: 0.248 Loaded shared library C:\Program Files\Java\jdk-19\bin\instrument.dll
Event: 0.257 Loaded shared library C:\Program Files\Java\jdk-19\bin\net.dll
Event: 0.260 Loaded shared library C:\Program Files\Java\jdk-19\bin\nio.dll
Event: 0.266 Loaded shared library C:\Program Files\Java\jdk-19\bin\zip.dll
Event: 0.473 Loaded shared library C:\Program Files\JetBrains\IntelliJ IDEA Educational Edition 2022.2.2\bin\breakgen64.dll
Event: 0.488 Loaded shared library C:\Program Files\Java\jdk-19\bin\extnet.dll
Event: 0.534 Loaded shared library C:\Program Files\Java\jdk-19\bin\jimage.dll
Event: 1.116 Loaded shared library C:\Program Files\Java\jdk-19\bin\management.dll
Event: 1.119 Loaded shared library C:\Program Files\Java\jdk-19\bin\management_ext.dll

Deoptimization events (20 events):
Event: 1.188 Thread 0x000002592deac720 DEOPT PACKING pc=0x0000025935fca368 sp=0x000000626d7fe870
Event: 1.188 Thread 0x000002592deac720 DEOPT UNPACKING pc=0x000002593d3a7543 sp=0x000000626d7fdd00 mode 0
Event: 1.188 Thread 0x000002592deac720 DEOPT PACKING pc=0x0000025935fca368 sp=0x000000626d7fe870
Event: 1.188 Thread 0x000002592deac720 DEOPT UNPACKING pc=0x000002593d3a7543 sp=0x000000626d7fdd00 mode 0
Event: 1.189 Thread 0x000002592deac720 DEOPT PACKING pc=0x0000025935fca368 sp=0x000000626d7fe870
Event: 1.189 Thread 0x000002592deac720 DEOPT UNPACKING pc=0x000002593d3a7543 sp=0x000000626d7fdd00 mode 0
Event: 1.229 Thread 0x0000025950bb3ac0 Uncommon trap: trap_request=0xffffff54 fr.pc=0x000002593d918554 relative=0x0000000000000294
Event: 1.229 Thread 0x0000025950bb3ac0 Uncommon trap: reason=speculate_null_assert action=make_not_entrant pc=0x000002593d918554 method=jdk.internal.loader.URLClassPath.getLoader(I)Ljdk/internal/loader/URLClassPath$Loader; @ 41 c2
Event: 1.229 Thread 0x0000025950bb3ac0 DEOPT PACKING pc=0x000002593d918554 sp=0x000000626f0fe390
Event: 1.229 Thread 0x0000025950bb3ac0 DEOPT UNPACKING pc=0x000002593d3a6da3 sp=0x000000626f0fe330 mode 2
Event: 1.231 Thread 0x0000025950bb3ac0 Uncommon trap: trap_request=0xffffff45 fr.pc=0x000002593d937f00 relative=0x00000000000001c0
Event: 1.231 Thread 0x0000025950bb3ac0 Uncommon trap: reason=unstable_if action=reinterpret pc=0x000002593d937f00 method=java.io.WinNTFileSystem.normalize(Ljava/lang/String;)Ljava/lang/String; @ 128 c2
Event: 1.231 Thread 0x0000025950bb3ac0 DEOPT PACKING pc=0x000002593d937f00 sp=0x000000626f0fdd70
Event: 1.231 Thread 0x0000025950bb3ac0 DEOPT UNPACKING pc=0x000002593d3a6da3 sp=0x000000626f0fdce8 mode 2
Event: 1.336 Thread 0x0000025950bb3ac0 DEOPT PACKING pc=0x0000025935ea2221 sp=0x000000626f0fa4d0
Event: 1.336 Thread 0x0000025950bb3ac0 DEOPT UNPACKING pc=0x000002593d3a7543 sp=0x000000626f0f99d8 mode 0
Event: 1.445 Thread 0x000002594be21600 Uncommon trap: trap_request=0xffffff45 fr.pc=0x000002593d933e88 relative=0x0000000000000168
Event: 1.445 Thread 0x000002594be21600 Uncommon trap: reason=unstable_if action=reinterpret pc=0x000002593d933e88 method=java.util.concurrent.locks.ReentrantLock$Sync.lock()V @ 4 c2
Event: 1.445 Thread 0x000002594be21600 DEOPT PACKING pc=0x000002593d933e88 sp=0x000000626defefa0
Event: 1.445 Thread 0x000002594be21600 DEOPT UNPACKING pc=0x000002593d3a6da3 sp=0x000000626defeef0 mode 2

Classes loaded (20 events):
Event: 1.471 Loading class java/time/DateTimeException done
Event: 1.471 Loading class java/time/format/DateTimeParseException done
Event: 1.473 Loading class java/time/OffsetTime
Event: 1.473 Loading class java/time/OffsetTime done
Event: 1.477 Loading class java/time/Year
Event: 1.477 Loading class java/time/Year done
Event: 1.479 Loading class java/time/Month
Event: 1.479 Loading class java/time/Month done
Event: 1.480 Loading class java/time/YearMonth
Event: 1.481 Loading class java/time/YearMonth done
Event: 1.482 Loading class java/time/MonthDay
Event: 1.482 Loading class java/time/MonthDay done
Event: 1.487 Loading class sun/reflect/generics/tree/CharSignature
Event: 1.487 Loading class sun/reflect/generics/tree/CharSignature done
Event: 1.487 Loading class sun/reflect/generics/tree/ArrayTypeSignature
Event: 1.488 Loading class sun/reflect/generics/tree/ArrayTypeSignature done
Event: 1.490 Loading class java/net/UnknownHostException
Event: 1.491 Loading class java/net/UnknownHostException done
Event: 1.504 Loading class sun/reflect/generics/tree/ByteSignature
Event: 1.504 Loading class sun/reflect/generics/tree/ByteSignature done

Classes unloaded (0 events):
No events

Classes redefined (0 events):
No events

Internal exceptions (20 events):
Event: 0.624 Thread 0x000002592deac720 Exception <a 'java/lang/NoSuchMethodError'{0x0000000088e25f78}: 'java.lang.Object java.lang.invoke.DirectMethodHandle$Holder.invokeSpecial(java.lang.Object, java.lang.Object, java.lang.Object, long, java.lang.Object)'> (0x0000000088e25f78) 
thrown [s\open\src\hotspot\share\interpreter\linkResolver.cpp, line 774]
Event: 0.624 Thread 0x000002592deac720 Exception <a 'java/lang/NoSuchMethodError'{0x0000000088e29b58}: 'java.lang.Object java.lang.invoke.Invokers$Holder.linkToTargetMethod(java.lang.Object, long, java.lang.Object, java.lang.Object)'> (0x0000000088e29b58) 
thrown [s\open\src\hotspot\share\interpreter\linkResolver.cpp, line 774]
Event: 0.667 Thread 0x000002592deac720 Exception <a 'java/lang/ClassNotFoundException'{0x0000000088e5cd08}: javax/smartcardio/CardPermission> (0x0000000088e5cd08) 
thrown [s\open\src\hotspot\share\classfile\systemDictionary.cpp, line 255]
Event: 0.673 Thread 0x000002592deac720 Exception <a 'java/io/FileNotFoundException'{0x0000000088e6b418}> (0x0000000088e6b418) 
thrown [s\open\src\hotspot\share\prims\jni.cpp, line 517]
Event: 0.843 Thread 0x000002592deac720 Exception <a 'java/lang/NoSuchMethodError'{0x0000000088c84ed0}: 'void java.lang.invoke.DirectMethodHandle$Holder.invokeStatic(java.lang.Object, java.lang.Object, java.lang.Object, java.lang.Object)'> (0x0000000088c84ed0) 
thrown [s\open\src\hotspot\share\interpreter\linkResolver.cpp, line 774]
Event: 0.911 Thread 0x000002592deac720 Exception <a 'java/lang/NoSuchMethodError'{0x0000000088bb5ba0}: 'int java.lang.invoke.DirectMethodHandle$Holder.invokeStaticInit(java.lang.Object, java.lang.Object)'> (0x0000000088bb5ba0) 
thrown [s\open\src\hotspot\share\interpreter\linkResolver.cpp, line 774]
Event: 0.927 Thread 0x000002592deac720 Exception <a 'java/lang/NoSuchMethodError'{0x0000000088bfc2e8}: 'void java.lang.invoke.DirectMethodHandle$Holder.invokeInterface(java.lang.Object, java.lang.Object, java.lang.Object, java.lang.Object)'> (0x0000000088bfc2e8) 
thrown [s\open\src\hotspot\share\interpreter\linkResolver.cpp, line 774]
Event: 1.044 Thread 0x000002592deac720 Exception <a 'java/lang/NoSuchMethodError'{0x000000008954b6e0}: 'java.lang.Object java.lang.invoke.DirectMethodHandle$Holder.invokeInterface(java.lang.Object, java.lang.Object)'> (0x000000008954b6e0) 
thrown [s\open\src\hotspot\share\interpreter\linkResolver.cpp, line 774]
Event: 1.058 Thread 0x000002592deac720 Exception <a 'java/lang/NoSuchMethodError'{0x00000000895c3808}: 'java.lang.Object java.lang.invoke.DirectMethodHandle$Holder.invokeSpecialIFC(java.lang.Object, java.lang.Object, java.lang.Object, java.lang.Object)'> (0x00000000895c3808) 
thrown [s\open\src\hotspot\share\interpreter\linkResolver.cpp, line 774]
Event: 1.061 Thread 0x000002594be27450 Exception <a 'java/lang/NoSuchMethodError'{0x00000000895f1e70}: 'java.lang.Object java.lang.invoke.Invokers$Holder.invokeExact_MT(java.lang.Object, java.lang.Object, java.lang.Object, java.lang.Object, java.lang.Object, java.lang.Object)'> (0x00000000895f1e70) 
thrown [s\open\src\hotspot\share\interpreter\linkResolver.cpp, line 774]
Event: 1.065 Thread 0x000002592deac720 Exception <a 'java/lang/NoSuchMethodError'{0x00000000895e1798}: 'java.lang.Object java.lang.invoke.DirectMethodHandle$Holder.invokeInterface(java.lang.Object, java.lang.Object, java.lang.Object)'> (0x00000000895e1798) 
thrown [s\open\src\hotspot\share\interpreter\linkResolver.cpp, line 774]
Event: 1.113 Thread 0x000002592deac720 Exception <a 'java/lang/NoSuchMethodError'{0x000000008935c898}: 'java.lang.Object java.lang.invoke.DirectMethodHandle$Holder.invokeStaticInit(java.lang.Object)'> (0x000000008935c898) 
thrown [s\open\src\hotspot\share\interpreter\linkResolver.cpp, line 774]
Event: 1.128 Thread 0x000002592deac720 Exception <a 'java/lang/NoSuchMethodError'{0x0000000089371d38}: 'int java.lang.invoke.DirectMethodHandle$Holder.invokeSpecial(java.lang.Object, java.lang.Object, java.lang.Object)'> (0x0000000089371d38) 
thrown [s\open\src\hotspot\share\interpreter\linkResolver.cpp, line 774]
Event: 1.232 Thread 0x0000025950bb3ac0 Exception <a 'java/lang/NoSuchMethodError'{0x00000000890cdf78}: 'void java.lang.invoke.DirectMethodHandle$Holder.invokeSpecial(java.lang.Object, java.lang.Object, java.lang.Object)'> (0x00000000890cdf78) 
thrown [s\open\src\hotspot\share\interpreter\linkResolver.cpp, line 774]
Event: 1.273 Thread 0x0000025950bb3ac0 Exception <a 'java/lang/NoSuchMethodError'{0x0000000088fbde10}: 'int java.lang.invoke.DirectMethodHandle$Holder.invokeStaticInit(java.lang.Object, java.lang.Object, java.lang.Object)'> (0x0000000088fbde10) 
thrown [s\open\src\hotspot\share\interpreter\linkResolver.cpp, line 774]
Event: 1.281 Thread 0x0000025950bb3ac0 Exception <a 'java/lang/NoSuchMethodError'{0x0000000088fea890}: 'java.lang.Object java.lang.invoke.DirectMethodHandle$Holder.invokeVirtual(java.lang.Object, java.lang.Object, java.lang.Object)'> (0x0000000088fea890) 
thrown [s\open\src\hotspot\share\interpreter\linkResolver.cpp, line 774]
Event: 1.289 Thread 0x0000025950bb3ac0 Exception <a 'java/lang/NoSuchMethodError'{0x0000000088e1f040}: 'java.lang.Object java.lang.invoke.DirectMethodHandle$Holder.newInvokeSpecial(java.lang.Object, java.lang.Object, java.lang.Object, java.lang.Object, java.lang.Object)'> (0x0000000088e1f040) 
thrown [s\open\src\hotspot\share\interpreter\linkResolver.cpp, line 774]
Event: 1.300 Thread 0x0000025950bb3ac0 Exception <a 'java/lang/NoSuchMethodError'{0x0000000088e651c0}: 'java.lang.Object java.lang.invoke.DirectMethodHandle$Holder.invokeStaticInit(java.lang.Object, java.lang.Object, java.lang.Object)'> (0x0000000088e651c0) 
thrown [s\open\src\hotspot\share\interpreter\linkResolver.cpp, line 774]
Event: 1.328 Thread 0x0000025950bb3ac0 Exception <a 'java/lang/IncompatibleClassChangeError'{0x0000000088eec0b0}: Found class java.lang.Object, but interface was expected> (0x0000000088eec0b0) 
thrown [s\open\src\hotspot\share\interpreter\linkResolver.cpp, line 841]
Event: 1.354 Thread 0x0000025950bb3ac0 Exception <a 'sun/nio/fs/WindowsException'{0x0000000088d6b7e8}> (0x0000000088d6b7e8) 
thrown [s\open\src\hotspot\share\prims\jni.cpp, line 517]

VM Operations (20 events):
Event: 0.219 Executing VM operation: HandshakeAllThreads
Event: 0.219 Executing VM operation: HandshakeAllThreads done
Event: 0.477 Executing VM operation: HandshakeAllThreads
Event: 0.477 Executing VM operation: HandshakeAllThreads done
Event: 0.540 Executing VM operation: HandshakeAllThreads
Event: 0.540 Executing VM operation: HandshakeAllThreads done
Event: 0.756 Executing VM operation: HandshakeAllThreads
Event: 0.756 Executing VM operation: HandshakeAllThreads done
Event: 0.928 Executing VM operation: G1CollectForAllocation
Event: 0.936 Executing VM operation: G1CollectForAllocation done
Event: 0.937 Executing VM operation: HandshakeAllThreads
Event: 0.937 Executing VM operation: HandshakeAllThreads done
Event: 1.038 Executing VM operation: HandshakeAllThreads
Event: 1.038 Executing VM operation: HandshakeAllThreads done
Event: 1.038 Executing VM operation: HandshakeAllThreads
Event: 1.038 Executing VM operation: HandshakeAllThreads done
Event: 1.355 Executing VM operation: HandshakeAllThreads
Event: 1.355 Executing VM operation: HandshakeAllThreads done
Event: 1.440 Executing VM operation: G1CollectForAllocation
Event: 1.445 Executing VM operation: G1CollectForAllocation done

Events (16 events):
Event: 0.032 Thread 0x000002592deac720 Thread added: 0x000002592deac720
Event: 0.057 Thread 0x000002594be21600 Thread added: 0x000002594be21600
Event: 0.057 Thread 0x000002594be223f0 Thread added: 0x000002594be223f0
Event: 0.058 Thread 0x000002594be259d0 Thread added: 0x000002594be259d0
Event: 0.058 Thread 0x000002594be27450 Thread added: 0x000002594be27450
Event: 0.058 Thread 0x000002594be28520 Thread added: 0x000002594be28520
Event: 0.058 Thread 0x000002594be295e0 Thread added: 0x000002594be295e0
Event: 0.058 Thread 0x000002594be2a240 Thread added: 0x000002594be2a240
Event: 0.058 Thread 0x000002594be2cbc0 Thread added: 0x000002594be2cbc0
Event: 0.059 Thread 0x000002594be51eb0 Thread added: 0x000002594be51eb0
Event: 0.203 Thread 0x000002594bdf3b50 Thread added: 0x000002594bdf3b50
Event: 0.474 Thread 0x0000025950376e10 Thread added: 0x0000025950376e10
Event: 0.474 Thread 0x0000025950377350 Thread added: 0x0000025950377350
Event: 0.658 Thread 0x00000259505a2730 Thread added: 0x00000259505a2730
Event: 1.223 Thread 0x0000025950bb3100 Thread added: 0x0000025950bb3100
Event: 1.228 Thread 0x0000025950bb3ac0 Thread added: 0x0000025950bb3ac0


Dynamic libraries:
0x00007ff76d280000 - 0x00007ff76d290000 	C:\Program Files\Java\jdk-19\bin\java.exe
0x00007fff18710000 - 0x00007fff18907000 	C:\WINDOWS\SYSTEM32\ntdll.dll
0x00007fff16d30000 - 0x00007fff16ded000 	C:\WINDOWS\System32\KERNEL32.DLL
0x00007fff15df0000 - 0x00007fff160e6000 	C:\WINDOWS\System32\KERNELBASE.dll
0x00007fff160f0000 - 0x00007fff161f0000 	C:\WINDOWS\System32\ucrtbase.dll
0x00007fff0fe80000 - 0x00007fff0fe9b000 	C:\Program Files\Java\jdk-19\bin\VCRUNTIME140.dll
0x00007fff09040000 - 0x00007fff09058000 	C:\Program Files\Java\jdk-19\bin\jli.dll
0x00007fff16c80000 - 0x00007fff16d2e000 	C:\WINDOWS\System32\ADVAPI32.dll
0x00007fff17600000 - 0x00007fff1769e000 	C:\WINDOWS\System32\msvcrt.dll
0x00007fff18520000 - 0x00007fff185bc000 	C:\WINDOWS\System32\sechost.dll
0x00007fff16eb0000 - 0x00007fff16fd6000 	C:\WINDOWS\System32\RPCRT4.dll
0x00007fff17b10000 - 0x00007fff17cae000 	C:\WINDOWS\System32\USER32.dll
0x00007fff16740000 - 0x00007fff16762000 	C:\WINDOWS\System32\win32u.dll
0x00007fff172f0000 - 0x00007fff1731c000 	C:\WINDOWS\System32\GDI32.dll
0x00007fff164e0000 - 0x00007fff165fa000 	C:\WINDOWS\System32\gdi32full.dll
0x00007fff166a0000 - 0x00007fff1673d000 	C:\WINDOWS\System32\msvcp_win.dll
0x00007ffef8f30000 - 0x00007ffef91ca000 	C:\WINDOWS\WinSxS\amd64_microsoft.windows.common-controls_6595b64144ccf1df_6.0.19041.3570_none_60bb2a3971f3e41a\COMCTL32.dll
0x00007fff073c0000 - 0x00007fff073ca000 	C:\WINDOWS\SYSTEM32\VERSION.dll
0x00007fff17320000 - 0x00007fff17350000 	C:\WINDOWS\System32\IMM32.DLL
0x00007fff11880000 - 0x00007fff1188c000 	C:\Program Files\Java\jdk-19\bin\vcruntime140_1.dll
0x00007ffed6cf0000 - 0x00007ffed6d7e000 	C:\Program Files\Java\jdk-19\bin\msvcp140.dll
0x00007ffec0470000 - 0x00007ffec1130000 	C:\Program Files\Java\jdk-19\bin\server\jvm.dll
0x00007fff04390000 - 0x00007fff04399000 	C:\WINDOWS\SYSTEM32\WSOCK32.dll
0x00007fff185e0000 - 0x00007fff1864b000 	C:\WINDOWS\System32\WS2_32.dll
0x00007ffef8ef0000 - 0x00007ffef8f17000 	C:\WINDOWS\SYSTEM32\WINMM.dll
0x00007fff13bb0000 - 0x00007fff13bc2000 	C:\WINDOWS\SYSTEM32\kernel.appcore.dll
0x00007fff10ec0000 - 0x00007fff10eca000 	C:\Program Files\Java\jdk-19\bin\jimage.dll
0x00007fff041a0000 - 0x00007fff04384000 	C:\WINDOWS\SYSTEM32\DBGHELP.DLL
0x00007fff04160000 - 0x00007fff04194000 	C:\WINDOWS\SYSTEM32\dbgcore.DLL
0x00007fff161f0000 - 0x00007fff16272000 	C:\WINDOWS\System32\bcryptPrimitives.dll
0x00007ffef8a00000 - 0x00007ffef8a0e000 	C:\Program Files\Java\jdk-19\bin\instrument.dll
0x00007ffef8b50000 - 0x00007ffef8b76000 	C:\Program Files\Java\jdk-19\bin\java.dll
0x00007ffecf4e0000 - 0x00007ffecf5b7000 	C:\Program Files\Java\jdk-19\bin\jsvml.dll
0x00007fff17dd0000 - 0x00007fff18514000 	C:\WINDOWS\System32\SHELL32.dll
0x00007fff13e90000 - 0x00007fff1462b000 	C:\WINDOWS\SYSTEM32\windows.storage.dll
0x00007fff16920000 - 0x00007fff16c74000 	C:\WINDOWS\System32\combase.dll
0x00007fff15830000 - 0x00007fff1585d000 	C:\WINDOWS\SYSTEM32\Wldp.dll
0x00007fff174a0000 - 0x00007fff1754d000 	C:\WINDOWS\System32\SHCORE.dll
0x00007fff17440000 - 0x00007fff17495000 	C:\WINDOWS\System32\shlwapi.dll
0x00007fff15d20000 - 0x00007fff15d45000 	C:\WINDOWS\SYSTEM32\profapi.dll
0x00007fff08f50000 - 0x00007fff08f68000 	C:\Program Files\Java\jdk-19\bin\zip.dll
0x00007ffef8e20000 - 0x00007ffef8e33000 	C:\Program Files\Java\jdk-19\bin\net.dll
0x00007fff0d750000 - 0x00007fff0d85a000 	C:\WINDOWS\SYSTEM32\WINHTTP.dll
0x00007fff15590000 - 0x00007fff155fa000 	C:\WINDOWS\system32\mswsock.dll
0x00007ffef8b30000 - 0x00007ffef8b46000 	C:\Program Files\Java\jdk-19\bin\nio.dll
0x00007ffedfe20000 - 0x00007ffedfe3a000 	C:\Program Files\JetBrains\IntelliJ IDEA Educational Edition 2022.2.2\bin\breakgen64.dll
0x00007fff094a0000 - 0x00007fff094a8000 	C:\Program Files\Java\jdk-19\bin\extnet.dll
0x00007fff09330000 - 0x00007fff0933a000 	C:\Program Files\Java\jdk-19\bin\management.dll
0x00007fff08d70000 - 0x00007fff08d7b000 	C:\Program Files\Java\jdk-19\bin\management_ext.dll
0x00007fff16770000 - 0x00007fff16778000 	C:\WINDOWS\System32\PSAPI.DLL

dbghelp: loaded successfully - version: 4.0.5 - missing functions: none
symbol engine: initialized successfully - sym options: 0x614 - pdb path: .;C:\Program Files\Java\jdk-19\bin;C:\WINDOWS\SYSTEM32;C:\WINDOWS\WinSxS\amd64_microsoft.windows.common-controls_6595b64144ccf1df_6.0.19041.3570_none_60bb2a3971f3e41a;C:\Program Files\Java\jdk-19\bin\server;C:\Program Files\JetBrains\IntelliJ IDEA Educational Edition 2022.2.2\bin

VM Arguments:
jvm_args: -javaagent:C:\Program Files\JetBrains\IntelliJ IDEA Educational Edition 2022.2.2\lib\idea_rt.jar=60022:C:\Program Files\JetBrains\IntelliJ IDEA Educational Edition 2022.2.2\bin -Dfile.encoding=UTF-8 -Dsun.stdout.encoding=UTF-8 -Dsun.stderr.encoding=UTF-8 
java_command: com.example.tpEcomm.TpEcommApplication
java_class_path (initial): C:\Users\pc\Downloads\spring\tpEcomm\target\classes;C:\Users\pc\.m2\repository\org\springframework\boot\spring-boot-starter-data-jpa\3.1.5\spring-boot-starter-data-jpa-3.1.5.jar;C:\Users\pc\.m2\repository\org\springframework\boot\spring-boot-starter-aop\3.1.5\spring-boot-starter-aop-3.1.5.jar;C:\Users\pc\.m2\repository\org\aspectj\aspectjweaver\1.9.20\aspectjweaver-1.9.20.jar;C:\Users\pc\.m2\repository\org\springframework\boot\spring-boot-starter-jdbc\3.1.5\spring-boot-starter-jdbc-3.1.5.jar;C:\Users\pc\.m2\repository\com\zaxxer\HikariCP\5.0.1\HikariCP-5.0.1.jar;C:\Users\pc\.m2\repository\org\springframework\spring-jdbc\6.0.13\spring-jdbc-6.0.13.jar;C:\Users\pc\.m2\repository\org\hibernate\orm\hibernate-core\6.2.13.Final\hibernate-core-6.2.13.Final.jar;C:\Users\pc\.m2\repository\jakarta\persistence\jakarta.persistence-api\3.1.0\jakarta.persistence-api-3.1.0.jar;C:\Users\pc\.m2\repository\jakarta\transaction\jakarta.transaction-api\2.0.1\jakarta.transaction-api-2.0.1.jar;C:\Users\pc\.m2\repository\org\jboss\logging\jboss-logging\3.5.3.Final\jboss-logging-3.5.3.Final.jar;C:\Users\pc\.m2\repository\org\hibernate\common\hibernate-commons-annotations\6.0.6.Final\hibernate-commons-annotations-6.0.6.Final.jar;C:\Users\pc\.m2\repository\io\smallrye\jandex\3.0.5\jandex-3.0.5.jar;C:\Users\pc\.m2\repository\com\fasterxml\classmate\1.5.1\classmate-1.5.1.jar;C:\Users\pc\.m2\repository\net\bytebuddy\byte-buddy\1.14.9\byte-buddy-1.14.9.jar;C:\Users\pc\.m2\repository\org\glassfish\jaxb\jaxb-runtime\4.0.3\jaxb-runtime-4.0.3.jar;C:\Users\pc\.m2\repository\org\glassfish\jaxb\jaxb-core\4.0.3\jaxb-core-4.0.3.jar;C:\Users\pc\.m2\repository\org\eclipse\angus\angus-activation\2.0.1\angus-activation-2.0.1.jar;C:\Users\pc\.m2\repository\org\glassfish\jaxb\txw2\4.0.3\txw2-4.0.3.jar;C:\Users\pc\.m2\repository\com\sun\istack\istack-commons-runtime\4.1.2\istack-commons-runtime-4.1.2.jar;C:\Users\pc\.m2\repository\jakarta\inject\jakarta.inject-api\2.0.1\jakarta.inject-api-2.0.1.jar;C:\Users\pc\.m2\repository\org\antlr\antlr4-runtime\4.10.1\antlr4-runtime-4.10.1.jar;C:\Users\pc\.m2\repository\org\springframework\data\spring-data-jpa\3.1.5\spring-data-jpa-3.1.5.jar;C:\Users\pc\.m2\repository\org\springframework\data\spring-data-commons\3.1.5\spring-data-commons-3.1.5.jar;C:\Users\pc\.m2\repository\org\springframework\spring-orm\6.0.13\spring-orm-6.0.13.jar;C:\Users\pc\.m2\repository\org\springframework\spring-context\6.0.13\spring-context-6.0.13.jar;C:\Users\pc\.m2\repository\org\springframework\spring-tx\6.0.13\spring-tx-6.0.13.jar;C:\Users\pc\.m2\repository\org\springframework\spring-beans\6.0.13\spring-beans-6.0.13.jar;C:\Users\pc\.m2\repository\jakarta\annotation\jakarta.annotation-api\2.1.1\jakarta.annotation-api-2.1.1.jar;C:\Users\pc\.m2\repository\org\slf4j\slf4j-api\2.0.9\slf4j-api-2.0.9.jar;C:\Users\pc\.m2\repository\org\springframework\spring-aspects\6.0.13\spring-aspects-6.0.13.jar;C:\Users\pc\.m2\repository\org\springframework\boot\spring-boot-starter-security\3.1.5\spring-boot-starter-security-3.1.5.jar;C:\Users\pc\.m2\repository\org\springframework\boot\spring-boot-starter\3.1.5\spring-boot-starter-3.1.5.jar;C:\Users\pc\.m2\repository\org\springframework\boot\spring-boot-starter-logging\3.1.5\spring-boot-starter-logging-3.1.5.jar;C:\Users\pc\.m2\repository\ch\qos\logback\logback-classic\1.4.11\logback-classic-1.4.11.jar;C:\Users\pc\.m2\repository\ch\qos\logback\logback-core\1.4.11\logback-core-1.4.11.jar;C:\Users\pc\.m2\repository\org\apache\logging\log4j\log4j-to-slf4j\2.20.0\log4j-to-slf4j-2.20.0.jar;C:\Users\pc\.m2\repository\org\apache\logging\log4j\log4j-api\2.20.0\log4j-api-2.20.0.jar;C:\Users\pc\.m2\repository\org\slf4j\jul-to-slf4j\2.0.9\jul-to-slf4j-2.0.9.jar;C:\Users\pc\.m2\repository\org\yaml\snakeyaml\1.33\snakeyaml-1.33.jar;C:\Users\pc\.m2\repository\org\springframework\spring-aop\6.0.13\spring-aop-6.0.13.jar;C:\Users\pc\.m2\repository\org\springframework\security\spring-security-config\6.1.5\spring-security-config-6.1.5.jar;C:\Users\pc\.m2\repository\org\springframework\security\spring-security-web\6.1.5\spring-security-web-6.1.5.jar;C:\Users\pc\.m2\repository\org\springframework\spring-expression\6.0.13\spring-expression-6.0.13.jar;C:\Users\pc\.m2\repository\org\springframework\boot\spring-boot-starter-web\3.1.5\spring-boot-starter-web-3.1.5.jar;C:\Users\pc\.m2\repository\org\springframework\boot\spring-boot-starter-json\3.1.5\spring-boot-starter-json-3.1.5.jar;C:\Users\pc\.m2\repository\com\fasterxml\jackson\datatype\jackson-datatype-jdk8\2.15.3\jackson-datatype-jdk8-2.15.3.jar;C:\Users\pc\.m2\repository\com\fasterxml\jackson\datatype\jackson-datatype-jsr310\2.15.3\jackson-datatype-jsr310-2.15.3.jar;C:\Users\pc\.m2\repository\com\fasterxml\jackson\module\jackson-module-parameter-names\2.15.3\jackson-module-parameter-names-2.15.3.jar;C:\Users\pc\.m2\repository\org\springframework\boot\spring-boot-starter-tomcat\3.1.5\spring-boot-starter-tomcat-3.1.5.jar;C:\Users\pc\.m2\repository\org\apache\tomcat\embed\tomcat-embed-core\10.1.15\tomcat-embed-core-10.1.15.jar;C:\Users\pc\.m2\repository\org\apache\tomcat\embed\tomcat-embed-el\10.1.15\tomcat-embed-el-10.1.15.jar;C:\Users\pc\.m2\repository\org\apache\tomcat\embed\tomcat-embed-websocket\10.1.15\tomcat-embed-websocket-10.1.15.jar;C:\Users\pc\.m2\repository\org\springframework\spring-web\6.0.13\spring-web-6.0.13.jar;C:\Users\pc\.m2\repository\io\micrometer\micrometer-observation\1.11.5\micrometer-observation-1.11.5.jar;C:\Users\pc\.m2\repository\io\micrometer\micrometer-commons\1.11.5\micrometer-commons-1.11.5.jar;C:\Users\pc\.m2\repository\org\springframework\spring-webmvc\6.0.13\spring-webmvc-6.0.13.jar;C:\Users\pc\.m2\repository\org\springframework\boot\spring-boot-devtools\3.1.5\spring-boot-devtools-3.1.5.jar;C:\Users\pc\.m2\repository\org\springframework\boot\spring-boot\3.1.5\spring-boot-3.1.5.jar;C:\Users\pc\.m2\repository\org\springframework\boot\spring-boot-autoconfigure\3.1.5\spring-boot-autoconfigure-3.1.5.jar;C:\Users\pc\.m2\repository\org\mariadb\jdbc\mariadb-java-client\3.1.4\mariadb-java-client-3.1.4.jar;C:\Users\pc\.m2\repository\com\github\waffle\waffle-jna\3.2.0\waffle-jna-3.2.0.jar;C:\Users\pc\.m2\repository\net\java\dev\jna\jna\5.12.1\jna-5.12.1.jar;C:\Users\pc\.m2\repository\net\java\dev\jna\jna-platform\5.12.1\jna-platform-5.12.1.jar;C:\Users\pc\.m2\repository\org\slf4j\jcl-over-slf4j\2.0.9\jcl-over-slf4j-2.0.9.jar;C:\Users\pc\.m2\repository\com\github\ben-manes\caffeine\caffeine\3.1.8\caffeine-3.1.8.jar;C:\Users\pc\.m2\repository\com\google\errorprone\error_prone_annotations\2.21.1\error_prone_annotations-2.21.1.jar;C:\Users\pc\.m2\repository\org\checkerframework\checker-qual\3.23.0\checker-qual-3.23.0.jar;C:\Users\pc\.m2\repository\io\jsonwebtoken\jjwt-api\0.11.2\jjwt-api-0.11.2.jar;C:\Users\pc\.m2\repository\io\jsonwebtoken\jjwt-impl\0.11.5\jjwt-impl-0.11.5.jar;C:\Users\pc\.m2\repository\io\jsonwebtoken\jjwt-jackson\0.11.5\jjwt-jackson-0.11.5.jar;C:\Users\pc\.m2\repository\com\fasterxml\jackson\core\jackson-databind\2.15.3\jackson-databind-2.15.3.jar;C:\Users\pc\.m2\repository\com\fasterxml\jackson\core\jackson-annotations\2.15.3\jackson-annotations-2.15.3.jar;C:\Users\pc\.m2\repository\com\fasterxml\jackson\core\jackson-core\2.15.3\jackson-core-2.15.3.jar;C:\Users\pc\.m2\repository\org\projectlombok\lombok\1.18.30\lombok-1.18.30.jar;C:\Users\pc\.m2\repository\jakarta\xml\bind\jakarta.xml.bind-api\4.0.1\jakarta.xml.bind-api-4.0.1.jar;C:\Users\pc\.m2\repository\jakarta\activation\jakarta.activation-api\2.1.2\jakarta.activation-api-2.1.2.jar;C:\Users\pc\.m2\repository\org\springframework\spring-core\6.0.13\spring-core-6.0.13.jar;C:\Users\pc\.m2\repository\org\springframework\spring-jcl\6.0.13\spring-jcl-6.0.13.jar;C:\Users\pc\.m2\repository\org\springframework\security\spring-security-core\6.1.5\spring-security-core-6.1.5.jar;C:\Users\pc\.m2\repository\org\springframework\security\spring-security-crypto\6.1.5\spring-security-crypto-6.1.5.jar
Launcher Type: SUN_STANDARD

[Global flags]
     intx CICompilerCount                          = 3                                         {product} {ergonomic}
     uint ConcGCThreads                            = 1                                         {product} {ergonomic}
     uint G1ConcRefinementThreads                  = 4                                         {product} {ergonomic}
   size_t G1HeapRegionSize                         = 1048576                                   {product} {ergonomic}
    uintx GCDrainStackTargetSize                   = 64                                        {product} {ergonomic}
   size_t InitialHeapSize                          = 134217728                                 {product} {ergonomic}
   size_t MarkStackSize                            = 4194304                                   {product} {ergonomic}
   size_t MaxHeapSize                              = 2122317824                                {product} {ergonomic}
   size_t MaxNewSize                               = 1272971264                                {product} {ergonomic}
   size_t MinHeapDeltaBytes                        = 1048576                                   {product} {ergonomic}
   size_t MinHeapSize                              = 8388608                                   {product} {ergonomic}
    uintx NonNMethodCodeHeapSize                   = 5832780                                {pd product} {ergonomic}
    uintx NonProfiledCodeHeapSize                  = 122912730                              {pd product} {ergonomic}
    uintx ProfiledCodeHeapSize                     = 122912730                              {pd product} {ergonomic}
    uintx ReservedCodeCacheSize                    = 251658240                              {pd product} {ergonomic}
     bool SegmentedCodeCache                       = true                                      {product} {ergonomic}
   size_t SoftMaxHeapSize                          = 2122317824                             {manageable} {ergonomic}
     bool UseCompressedClassPointers               = true                           {product lp64_product} {ergonomic}
     bool UseCompressedOops                        = true                           {product lp64_product} {ergonomic}
     bool UseG1GC                                  = true                                      {product} {ergonomic}
     bool UseLargePagesIndividualAllocation        = false                                  {pd product} {ergonomic}

Logging:
Log output configuration:
 #0: stdout all=warning uptime,level,tags foldmultilines=false
 #1: stderr all=off uptime,level,tags foldmultilines=false

Environment Variables:
JAVA_HOME=C:\Program Files\Java\jdk-19
PATH=C:\Program Files\Microsoft\jdk-11.0.16.101-hotspot\bin;C:\Users\pc\Desktop\z\orcl_za\bin;C:\Program Files (x86)\Common Files\Oracle\Java\javapath;C:\Program Files\Common Files\Oracle\Java\javapath;C:\Windows\system32;C:\Windows;C:\Windows\System32\Wbem;C:\Windows\System32\WindowsPowerShell\v1.0\;C:\Windows\System32\OpenSSH\;C:\Program Files\Microsoft SQL Server\150\Tools\Binn\;C:\WINDOWS\system32;C:\WINDOWS;C:\WINDOWS\System32\Wbem;C:\WINDOWS\System32\WindowsPowerShell\v1.0\;C:\WINDOWS\System32\OpenSSH\;C:\Program Files\Microsoft SQL Server\Client SDK\ODBC\170\Tools\Binn\;C:\Program Files (x86)\Microsoft SQL Server\150\Tools\Binn\;C:\Program Files\Microsoft SQL Server\150\DTS\Binn\;C:\Program Files (x86)\Microsoft SQL Server\150\DTS\Binn\;C:\Program Files\Azure Data Studio\bin;C:\Program Files\Java\jdk-18.0.1.1\bin;C:\Program Files\flutter\bin;C:\Program Files\Git\cmd;C:\Program Files\nodejs\;C:\Program Files\dotnet\;C:\Program Files\maven\apache-maven-3.9.3\bin;C:\Users\pc\AppData\Roaming\npm;C:\Program Files (x86)\Microsoft VS Code\;C:\Users\pc\AppData\Local\Programs\Microsoft VS Code\bin;C:\Program Files\Microsoft\jdk-11.0.16.101-hotspot\bin;C:\Users\pc\Desktop\z\orcl_za\bin;C:\Program Files (x86)\Common Files\Oracle\Java\javapath;C:\Program Files\Python311\Scripts\;C:\Program Files\Python311\;C:\Program Files\Common Files\Oracle\Java\javapath;C:\Windows\system32;C:\Windows;C:\Windows\System32\Wbem;C:\Windows\System32\WindowsPowerShell\v1.0\;C:\Windows\System32\OpenSSH\;C:\Program Files\Microsoft SQL Server\150\Tools\Binn\;C:\WINDOWS\system32;C:\WINDOWS;C:\WINDOWS\System32\Wbem;C:\WINDOWS\System32\WindowsPowerShell\v1.0\;C:\WINDOWS\System32\OpenSSH\;C:\Program Files\Microsoft SQL Server\Client SDK\ODBC\170\Tools\Binn\;C:\Program Files (x86)\Microsoft SQL Server\150\Tools\Binn\;C:\Program Files\Microsoft SQL Server\150\DTS\Binn\;C:\Program Files (x86)\Microsoft SQL Server\150\DTS\Binn\;C:\Program Files\Azure Data Studio\bin;C:\Program Files\Java\jdk-18.0.1.1\bin;C:\Program Files\flutter\bin;C:\Program Files\Git\cmd;C:\Program Files\nodejs\;C:\Program Files\dotnet\;C:\Program Files\maven\apache;C:\Users\pc\AppData\Local\Programs\Microsoft VS Code\bin;C:\Users\pc\Downloads\clean_arch\gradle-8.2.1\bin;C:\Program Files\JetBrains\IntelliJ IDEA Educational Edition 2022.2.2\bin;;
USERNAME=pc
OS=Windows_NT
PROCESSOR_IDENTIFIER=Intel64 Family 6 Model 69 Stepping 1, GenuineIntel
TMP=C:\Users\pc\AppData\Local\Temp
TEMP=C:\Users\pc\AppData\Local\Temp



---------------  S Y S T E M  ---------------

OS:
 Windows 10 , 64 bit Build 19041 (10.0.19041.3570)
OS uptime: 2 days 8:39 hours

CPU: total 4 (initial active 4) (2 cores per cpu, 2 threads per core) family 6 model 69 stepping 1 microcode 0x25, cx8, cmov, fxsr, ht, mmx, sse, sse2, sse3, ssse3, sse4.1, sse4.2, popcnt, lzcnt, tsc, tscinvbit, avx, avx2, aes, erms, clmul, bmi1, bmi2, fma, vzeroupper, clflush, rdtscp

Memory: 4k page, system-wide physical 8089M (1105M free)
TotalPageFile size 19813M (AvailPageFile size 9M)
current process WorkingSet (physical memory assigned to process): 76M, peak: 76M
current process commit charge ("private bytes"): 221M, peak: 221M

vm_info: Java HotSpot(TM) 64-Bit Server VM (19.0.2+7-44) for windows-amd64 JRE (19.0.2+7-44), built on 2022-11-30T18:02:09Z by "mach5one" with MS VC++ 17.1 (VS2022)

END.
